[
  {
    "Plan": {
      "Node Type": "Hash Join",
      "Parallel Aware": false,
      "Async Capable": false,
      "Join Type": "Right",
      "Startup Cost": 65015.17,
      "Total Cost": 271435.14,
      "Plan Rows": 18,
      "Plan Width": 215,
      "Actual Startup Time": 70.593,
      "Actual Total Time": 4668.187,
      "Actual Rows": 13,
      "Actual Loops": 1,
      "Output": ["questions.id", "questions.product_id", "questions.body", "questions.date_written", "questions.asker_name", "questions.asker_email", "questions.reported", "questions.helpful", "answers.id", "answers.question_id", "answers.body", "answers.date_written", "answers.answerer_name", "answers.answerer_email", "answers.reported", "answers.helpful"],
      "Inner Unique": true,
      "Hash Cond": "(answers.question_id = questions.id)",
      "Shared Hit Blocks": 9618,
      "Shared Read Blocks": 118957,
      "Shared Dirtied Blocks": 22517,
      "Shared Written Blocks": 4534,
      "Local Hit Blocks": 0,
      "Local Read Blocks": 0,
      "Local Dirtied Blocks": 0,
      "Local Written Blocks": 0,
      "Temp Read Blocks": 0,
      "Temp Written Blocks": 0,
      "Plans": [
        {
          "Node Type": "Seq Scan",
          "Parent Relationship": "Outer",
          "Parallel Aware": false,
          "Async Capable": false,
          "Relation Name": "answers",
          "Schema": "public",
          "Alias": "answers",
          "Startup Cost": 0.00,
          "Total Cost": 188234.58,
          "Plan Rows": 6927758,
          "Plan Width": 108,
          "Actual Startup Time": 0.030,
          "Actual Total Time": 4279.297,
          "Actual Rows": 6880193,
          "Actual Loops": 1,
          "Output": ["answers.id", "answers.question_id", "answers.body", "answers.date_written", "answers.answerer_name", "answers.answerer_email", "answers.reported", "answers.helpful"],
          "Shared Hit Blocks": 0,
          "Shared Read Blocks": 118957,
          "Shared Dirtied Blocks": 22517,
          "Shared Written Blocks": 4534,
          "Local Hit Blocks": 0,
          "Local Read Blocks": 0,
          "Local Dirtied Blocks": 0,
          "Local Written Blocks": 0,
          "Temp Read Blocks": 0,
          "Temp Written Blocks": 0
        },
        {
          "Node Type": "Hash",
          "Parent Relationship": "Inner",
          "Parallel Aware": false,
          "Async Capable": false,
          "Startup Cost": 65015.06,
          "Total Cost": 65015.06,
          "Plan Rows": 9,
          "Plan Width": 107,
          "Actual Startup Time": 70.257,
          "Actual Total Time": 70.261,
          "Actual Rows": 5,
          "Actual Loops": 1,
          "Output": ["questions.id", "questions.product_id", "questions.body", "questions.date_written", "questions.asker_name", "questions.asker_email", "questions.reported", "questions.helpful"],
          "Hash Buckets": 1024,
          "Original Hash Buckets": 1024,
          "Hash Batches": 1,
          "Original Hash Batches": 1,
          "Peak Memory Usage": 9,
          "Shared Hit Blocks": 9618,
          "Shared Read Blocks": 0,
          "Shared Dirtied Blocks": 0,
          "Shared Written Blocks": 0,
          "Local Hit Blocks": 0,
          "Local Read Blocks": 0,
          "Local Dirtied Blocks": 0,
          "Local Written Blocks": 0,
          "Temp Read Blocks": 0,
          "Temp Written Blocks": 0,
          "Plans": [
            {
              "Node Type": "Index Scan",
              "Parent Relationship": "Outer",
              "Parallel Aware": false,
              "Async Capable": false,
              "Scan Direction": "Forward",
              "Index Name": "question",
              "Relation Name": "questions",
              "Schema": "public",
              "Alias": "questions",
              "Startup Cost": 0.43,
              "Total Cost": 65015.06,
              "Plan Rows": 9,
              "Plan Width": 107,
              "Actual Startup Time": 0.031,
              "Actual Total Time": 69.992,
              "Actual Rows": 5,
              "Actual Loops": 1,
              "Output": ["questions.id", "questions.product_id", "questions.body", "questions.date_written", "questions.asker_name", "questions.asker_email", "questions.reported", "questions.helpful"],
              "Index Cond": "(questions.product_id = 5)",
              "Rows Removed by Index Recheck": 0,
              "Shared Hit Blocks": 9618,
              "Shared Read Blocks": 0,
              "Shared Dirtied Blocks": 0,
              "Shared Written Blocks": 0,
              "Local Hit Blocks": 0,
              "Local Read Blocks": 0,
              "Local Dirtied Blocks": 0,
              "Local Written Blocks": 0,
              "Temp Read Blocks": 0,
              "Temp Written Blocks": 0
            }
          ]
        }
      ]
    },
    "Planning": {
      "Shared Hit Blocks": 5,
      "Shared Read Blocks": 4,
      "Shared Dirtied Blocks": 0,
      "Shared Written Blocks": 0,
      "Local Hit Blocks": 0,
      "Local Read Blocks": 0,
      "Local Dirtied Blocks": 0,
      "Local Written Blocks": 0,
      "Temp Read Blocks": 0,
      "Temp Written Blocks": 0
    },
    "Planning Time": 3.609,
    "Triggers": [
    ],
    "Execution Time": 4668.299
  }
]